[debug] [2022-07-15T18:21:20.005Z] ----------------------------------------------------------------------
[debug] [2022-07-15T18:21:20.008Z] Command:       C:\Program Files\nodejs\node.exe C:\Users\yashs\AppData\Roaming\npm\node_modules\firebase-tools\lib\bin\firebase.js init
[debug] [2022-07-15T18:21:20.009Z] CLI Version:   11.2.2
[debug] [2022-07-15T18:21:20.009Z] Platform:      win32
[debug] [2022-07-15T18:21:20.009Z] Node Version:  v16.13.1
[debug] [2022-07-15T18:21:20.010Z] Time:          Fri Jul 15 2022 23:51:20 GMT+0530 (India Standard Time)
[debug] [2022-07-15T18:21:20.010Z] ----------------------------------------------------------------------
[debug] 
[debug] [2022-07-15T18:21:20.022Z] > command requires scopes: ["email","openid","https://www.googleapis.com/auth/cloudplatformprojects.readonly","https://www.googleapis.com/auth/firebase","https://www.googleapis.com/auth/cloud-platform"]
[debug] [2022-07-15T18:21:20.023Z] > authorizing via signed-in user (yashsingh1074@gmail.com)
[info] 
     ######## #### ########  ######## ########     ###     ######  ########
     ##        ##  ##     ## ##       ##     ##  ##   ##  ##       ##
     ######    ##  ########  ######   ########  #########  ######  ######
     ##        ##  ##    ##  ##       ##     ## ##     ##       ## ##
     ##       #### ##     ## ######## ########  ##     ##  ######  ########

You're about to initialize a Firebase project in this directory:

  C:\Users\yashs\Desktop\React\newsmonkey

[info] 
=== Project Setup
[info] 
[info] First, let's associate this project directory with a Firebase project.
[info] You can create multiple project aliases by running firebase use --add, 
[info] but for now we'll just set up a default project.
[info] 
[debug] [2022-07-15T18:23:06.990Z] >>> [apiv2][query] GET https://firebase.googleapis.com/v1beta1/projects pageSize=100
[debug] [2022-07-15T18:23:10.781Z] <<< [apiv2][status] GET https://firebase.googleapis.com/v1beta1/projects 200
[debug] [2022-07-15T18:23:10.782Z] <<< [apiv2][body] GET https://firebase.googleapis.com/v1beta1/projects [omitted]
[info] i  Using project newspie-xymate (NewsPie-xymate) 
[info] 
=== Hosting Setup
[info] 
[info] Your public directory is the folder (relative to your project directory) that
[info] will contain Hosting assets to be uploaded with firebase deploy. If you
[info] have a build process for your assets, use your build's output directory.
[info] 
[info] +  Wrote public/404.html 
[debug] [2022-07-15T18:24:16.001Z] >>> [apiv2][query] GET https://www.gstatic.com/firebasejs/releases.json [none]
[debug] [2022-07-15T18:24:19.050Z] <<< [apiv2][status] GET https://www.gstatic.com/firebasejs/releases.json 200
[debug] [2022-07-15T18:24:19.051Z] <<< [apiv2][body] GET https://www.gstatic.com/firebasejs/releases.json {"current":{"version":"9.9.0","browserURL":"https://www.gstatic.com/firebasejs/9.9.0/firebase.js","packageURL":"https://www.gstatic.com/firebasejs/9.9.0/firebase.tgz"},"live":{"version":"9.9","browserURL":"https://www.gstatic.com/firebasejs/live/9.9/firebase.js","packageURL":"https://www.gstatic.com/firebasejs/live/9.9/firebase.tgz"},"components":{"analytics":"https://www.gstatic.com/firebasejs/9.9.0/firebase-analytics.js","app":"https://www.gstatic.com/firebasejs/9.9.0/firebase-app.js","app-check":"https://www.gstatic.com/firebasejs/9.9.0/firebase-app-check.js","auth":"https://www.gstatic.com/firebasejs/9.9.0/firebase-auth.js","auth/cordova":"https://www.gstatic.com/firebasejs/9.9.0/firebase-auth/cordova.js","auth/react-native":"https://www.gstatic.com/firebasejs/9.9.0/firebase-auth/react-native.js","functions":"https://www.gstatic.com/firebasejs/9.9.0/firebase-functions.js","firestore":"https://www.gstatic.com/firebasejs/9.9.0/firebase-firestore.js","firestore/lite":"https://www.gstatic.com/firebasejs/9.9.0/firebase-firestore/lite.js","installations":"https://www.gstatic.com/firebasejs/9.9.0/firebase-installations.js","storage":"https://www.gstatic.com/firebasejs/9.9.0/firebase-storage.js","performance":"https://www.gstatic.com/firebasejs/9.9.0/firebase-performance.js","remote-config":"https://www.gstatic.com/firebasejs/9.9.0/firebase-remote-config.js","messaging":"https://www.gstatic.com/firebasejs/9.9.0/firebase-messaging.js","messaging/sw":"https://www.gstatic.com/firebasejs/9.9.0/firebase-messaging/sw.js","database":"https://www.gstatic.com/firebasejs/9.9.0/firebase-database.js","firestore.memory":"https://www.gstatic.com/firebasejs/9.9.0/firebase-firestore.memory.js"}}
[info] i  Skipping write of public/index.html 
[info] 
[info] i  Didn't detect a .git folder. Assuming C:\Users\yashs\Desktop\React\newsmonkey is the project root. 
[info] i  Authorizing with GitHub to upload your service account to a GitHub repository's secrets store. 
[info] 
[info] Visit this URL on this device to log in:
[info] https://github.com/login/oauth/authorize?client_id=89cf50f02ac6aaed3484&state=158739719&redirect_uri=http%3A%2F%2Flocalhost%3A9005&scope=read%3Auser%20repo%20public_repo
[info] 
[info] Waiting for authentication...
[debug] [2022-07-15T18:25:03.789Z] >>> [apiv2][query] POST https://github.com/login/oauth/access_token [none]
[debug] [2022-07-15T18:25:03.790Z] >>> [apiv2][body] POST https://github.com/login/oauth/access_token [stream]
[debug] [2022-07-15T18:25:08.341Z] <<< [apiv2][status] POST https://github.com/login/oauth/access_token 200
[debug] [2022-07-15T18:25:08.341Z] <<< [apiv2][body] POST https://github.com/login/oauth/access_token {"access_token":"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","token_type":"bearer","scope":"read:user,repo"}
[debug] [2022-07-15T18:25:08.352Z] >>> [apiv2][query] GET https://api.github.com/user [none]
[debug] [2022-07-15T18:25:08.853Z] <<< [apiv2][status] GET https://api.github.com/user 200
[debug] [2022-07-15T18:25:08.853Z] <<< [apiv2][body] GET https://api.github.com/user {"login":"xymate","id":77551829,"node_id":"MDQ6VXNlcjc3NTUxODI5","avatar_url":"https://avatars.githubusercontent.com/u/77551829?v=4","gravatar_id":"","url":"https://api.github.com/users/xymate","html_url":"https://github.com/xymate","followers_url":"https://api.github.com/users/xymate/followers","following_url":"https://api.github.com/users/xymate/following{/other_user}","gists_url":"https://api.github.com/users/xymate/gists{/gist_id}","starred_url":"https://api.github.com/users/xymate/starred{/owner}{/repo}","subscriptions_url":"https://api.github.com/users/xymate/subscriptions","organizations_url":"https://api.github.com/users/xymate/orgs","repos_url":"https://api.github.com/users/xymate/repos","events_url":"https://api.github.com/users/xymate/events{/privacy}","received_events_url":"https://api.github.com/users/xymate/received_events","type":"User","site_admin":false,"name":"yash chauhan","company":null,"blog":"","location":null,"email":null,"hireable":null,"bio":null,"twitter_username":null,"public_repos":6,"public_gists":0,"followers":0,"following":0,"created_at":"2021-01-16T20:23:35Z","updated_at":"2022-07-04T05:54:22Z","private_gists":0,"total_private_repos":0,"owned_private_repos":0,"disk_usage":110708,"collaborators":0,"two_factor_authentication":false,"plan":{"name":"pro","space":976562499,"collaborators":0,"private_repos":9999}}
[info] 
[info] +  Success! Logged into GitHub as xymate 
[info] 
